<?xml version="1.0" encoding="UTF-8"?>
<testsuite xmlns:xsi="http://www.w3.org/2001/XMLSchema-instance" xsi:noNamespaceSchemaLocation="https://maven.apache.org/surefire/maven-surefire-plugin/xsd/surefire-test-report.xsd" name="com.bank.antifraud.controller.SuspiciousAccountTransferControllerTest" time="0.99" tests="8" errors="0" skipped="0" failures="0">
  <properties/>
  <testcase name="createPositiveTest" classname="com.bank.antifraud.controller.SuspiciousAccountTransferControllerTest" time="0.063"/>
  <testcase name="createNegativeTest" classname="com.bank.antifraud.controller.SuspiciousAccountTransferControllerTest" time="0.024"/>
  <testcase name="readByIdPositiveTest" classname="com.bank.antifraud.controller.SuspiciousAccountTransferControllerTest" time="0.004"/>
  <testcase name="updateNonExistEntityNegativeTest" classname="com.bank.antifraud.controller.SuspiciousAccountTransferControllerTest" time="0.021"/>
  <testcase name="readByNonExistIdNegativeTest" classname="com.bank.antifraud.controller.SuspiciousAccountTransferControllerTest" time="0.014"/>
  <testcase name="updateIfEntityIsExistPositiveTest" classname="com.bank.antifraud.controller.SuspiciousAccountTransferControllerTest" time="0.004"/>
  <testcase name="readALLByIdNonExistNegativeTest" classname="com.bank.antifraud.controller.SuspiciousAccountTransferControllerTest" time="0.015"/>
  <testcase name="readAllByIdIfEntitiesAreExistPositiveTest" classname="com.bank.antifraud.controller.SuspiciousAccountTransferControllerTest" time="0.01"/>
</testsuite>