<?xml version="1.0" encoding="UTF-8"?>
<testsuite xmlns:xsi="http://www.w3.org/2001/XMLSchema-instance" xsi:noNamespaceSchemaLocation="https://maven.apache.org/surefire/maven-surefire-plugin/xsd/surefire-test-report.xsd" name="com.bank.antifraud.mappers.AuditMapperTest" time="0.066" tests="2" errors="0" skipped="0" failures="0">
  <properties/>
  <testcase name="noDtoNullTest" classname="com.bank.antifraud.mappers.AuditMapperTest" time="0.054"/>
  <testcase name="toDtoTest" classname="com.bank.antifraud.mappers.AuditMapperTest" time="0.011"/>
</testsuite>