<?xml version="1.0" encoding="UTF-8"?>
<testsuite xmlns:xsi="http://www.w3.org/2001/XMLSchema-instance" xsi:noNamespaceSchemaLocation="https://maven.apache.org/surefire/maven-surefire-plugin/xsd/surefire-test-report.xsd" name="com.bank.antifraud.service.impl.SuspiciousAccountTransferServiceImplTest" time="0.04" tests="8" errors="0" skipped="0" failures="0">
  <properties/>
  <testcase name="updateEntityIfEntityIsExistPositiveTest" classname="com.bank.antifraud.service.impl.SuspiciousAccountTransferServiceImplTest" time="0.028"/>
  <testcase name="updateNonExistEntityNegativeTest" classname="com.bank.antifraud.service.impl.SuspiciousAccountTransferServiceImplTest" time="0.002"/>
  <testcase name="savePositiveTest" classname="com.bank.antifraud.service.impl.SuspiciousAccountTransferServiceImplTest" time="0.001"/>
  <testcase name="saveNegativeTest" classname="com.bank.antifraud.service.impl.SuspiciousAccountTransferServiceImplTest" time="0.001"/>
  <testcase name="findByIdPositiveTest" classname="com.bank.antifraud.service.impl.SuspiciousAccountTransferServiceImplTest" time="0.002"/>
  <testcase name="findAllByIdNonExistNegativeTest" classname="com.bank.antifraud.service.impl.SuspiciousAccountTransferServiceImplTest" time="0.001"/>
  <testcase name="findByNonExistIdNegativeTest" classname="com.bank.antifraud.service.impl.SuspiciousAccountTransferServiceImplTest" time="0.001"/>
  <testcase name="findAllByIdIfEntitiesAreExistPositiveTest" classname="com.bank.antifraud.service.impl.SuspiciousAccountTransferServiceImplTest" time="0.002"/>
</testsuite>