<?xml version="1.0" encoding="UTF-8"?>
<testsuite xmlns:xsi="http://www.w3.org/2001/XMLSchema-instance" xsi:noNamespaceSchemaLocation="https://maven.apache.org/surefire/maven-surefire-plugin/xsd/surefire-test-report.xsd" name="com.bank.antifraud.controller.SuspiciousPhoneTransferControllerTest" time="0.853" tests="8" errors="0" skipped="0" failures="0">
  <properties/>
  <testcase name="createPositiveTest" classname="com.bank.antifraud.controller.SuspiciousPhoneTransferControllerTest" time="0.01"/>
  <testcase name="createNegativeTest" classname="com.bank.antifraud.controller.SuspiciousPhoneTransferControllerTest" time="0.017"/>
  <testcase name="readByIdPositiveTest" classname="com.bank.antifraud.controller.SuspiciousPhoneTransferControllerTest" time="0.005"/>
  <testcase name="updateNonExistEntityNegativeTest" classname="com.bank.antifraud.controller.SuspiciousPhoneTransferControllerTest" time="0.016"/>
  <testcase name="readByNonExistIdNegativeTest" classname="com.bank.antifraud.controller.SuspiciousPhoneTransferControllerTest" time="0.011"/>
  <testcase name="updateIfEntityIsExistPositiveTest" classname="com.bank.antifraud.controller.SuspiciousPhoneTransferControllerTest" time="0.006"/>
  <testcase name="readALLByIdNonExistNegativeTest" classname="com.bank.antifraud.controller.SuspiciousPhoneTransferControllerTest" time="0.017"/>
  <testcase name="readAllByIdIfEntitiesAreExistPositiveTest" classname="com.bank.antifraud.controller.SuspiciousPhoneTransferControllerTest" time="0.005"/>
</testsuite>