<?xml version="1.0" encoding="UTF-8"?>
<testsuite xmlns:xsi="http://www.w3.org/2001/XMLSchema-instance" xsi:noNamespaceSchemaLocation="https://maven.apache.org/surefire/maven-surefire-plugin/xsd/surefire-test-report.xsd" name="com.bank.antifraud.service.impl.AuditServiceImplTest" time="0.043" tests="2" errors="0" skipped="0" failures="0">
  <properties/>
  <testcase name="findByIdPositiveTest" classname="com.bank.antifraud.service.impl.AuditServiceImplTest" time="0.041"/>
  <testcase name="findByNonExistIdNegativeTest" classname="com.bank.antifraud.service.impl.AuditServiceImplTest" time="0.002"/>
</testsuite>