<?xml version="1.0" encoding="UTF-8"?>
<testsuite xmlns:xsi="http://www.w3.org/2001/XMLSchema-instance" xsi:noNamespaceSchemaLocation="https://maven.apache.org/surefire/maven-surefire-plugin/xsd/surefire-test-report.xsd" name="com.bank.antifraud.controller.AuditControllerTest" time="3.24" tests="2" errors="0" skipped="0" failures="0">
  <properties/>
  <testcase name="readByIdPositiveTest" classname="com.bank.antifraud.controller.AuditControllerTest" time="0.172"/>
  <testcase name="readByNonExistIdNegativeTest" classname="com.bank.antifraud.controller.AuditControllerTest" time="0.026"/>
</testsuite>